DaumTTS/bin/app/build/outputs/logs/manifest-merger-debug-report.txt
-- Merging decision tree log ---
manifest
ADDED from DaumSpeechOpenApiAndroidSample/app/AndroidManifest.xml:2:1-28:12
	xmlns:android
		ADDED from DaumSpeechOpenApiAndroidSample/app/AndroidManifest.xml:2:11-69
	package
		ADDED from DaumSpeechOpenApiAndroidSample/app/AndroidManifest.xml:3:11-54
	android:versionName
		ADDED from DaumSpeechOpenApiAndroidSample/app/AndroidManifest.xml:5:11-38
	android:versionCode
		ADDED from DaumSpeechOpenApiAndroidSample/app/AndroidManifest.xml:4:11-34
		INJECTED from DaumSpeechOpenApiAndroidSample/app/AndroidManifest.xml
		INJECTED from DaumSpeechOpenApiAndroidSample/app/AndroidManifest.xml
uses-sdk
ADDED from DaumSpeechOpenApiAndroidSample/app/AndroidManifest.xml:6:5-73
MERGED from [DaumSpeechOpenApiAndroidSample:library:unspecified] AndroidManifest.xml:7:5-9:41
	android:targetSdkVersion
		ADDED from DaumSpeechOpenApiAndroidSample/app/AndroidManifest.xml:6:41-70
	android:minSdkVersion
		ADDED from DaumSpeechOpenApiAndroidSample/app/AndroidManifest.xml:6:15-40
uses-permission#android.permission.INTERNET
ADDED from DaumSpeechOpenApiAndroidSample/app/AndroidManifest.xml:8:5-67
	android:name
		ADDED from DaumSpeechOpenApiAndroidSample/app/AndroidManifest.xml:8:22-64
uses-permission#android.permission.RECORD_AUDIO
ADDED from DaumSpeechOpenApiAndroidSample/app/AndroidManifest.xml:9:5-71
	android:name
		ADDED from DaumSpeechOpenApiAndroidSample/app/AndroidManifest.xml:9:22-68
uses-permission#android.permission.ACCESS_NETWORK_STATE
ADDED from DaumSpeechOpenApiAndroidSample/app/AndroidManifest.xml:10:5-79
	android:name
		ADDED from DaumSpeechOpenApiAndroidSample/app/AndroidManifest.xml:10:22-76
uses-permission#android.permission.WRITE_EXTERNAL_STORAGE
ADDED from DaumSpeechOpenApiAndroidSample/app/AndroidManifest.xml:11:5-81
	android:name
		ADDED from DaumSpeechOpenApiAndroidSample/app/AndroidManifest.xml:11:22-78
application
ADDED from DaumSpeechOpenApiAndroidSample/app/AndroidManifest.xml:13:5-27:19
	android:label
		ADDED from DaumSpeechOpenApiAndroidSample/app/AndroidManifest.xml:13:18-50
	android:allowBackup
		ADDED from DaumSpeechOpenApiAndroidSample/app/AndroidManifest.xml:13:85-112
	android:icon
		ADDED from DaumSpeechOpenApiAndroidSample/app/AndroidManifest.xml:13:51-84
activity#net.daum.speech.api.openapisample.SpeechSampleActivity
ADDED from DaumSpeechOpenApiAndroidSample/app/AndroidManifest.xml:14:9-20:20
	android:label
		ADDED from DaumSpeechOpenApiAndroidSample/app/AndroidManifest.xml:15:19-53
	android:name
		ADDED from DaumSpeechOpenApiAndroidSample/app/AndroidManifest.xml:14:19-55
intent-filter#android.intent.action.MAIN+android.intent.category.LAUNCHER
ADDED from DaumSpeechOpenApiAndroidSample/app/AndroidManifest.xml:16:13-19:29
action#android.intent.action.MAIN
ADDED from DaumSpeechOpenApiAndroidSample/app/AndroidManifest.xml:17:17-68
	android:name
		ADDED from DaumSpeechOpenApiAndroidSample/app/AndroidManifest.xml:17:25-66
category#android.intent.category.LAUNCHER
ADDED from DaumSpeechOpenApiAndroidSample/app/AndroidManifest.xml:18:17-76
	android:name
		ADDED from DaumSpeechOpenApiAndroidSample/app/AndroidManifest.xml:18:27-74
activity#net.daum.speech.api.openapisample.VoiceRecoActivity
ADDED from DaumSpeechOpenApiAndroidSample/app/AndroidManifest.xml:21:5-23:75
	android:screenOrientation
		ADDED from DaumSpeechOpenApiAndroidSample/app/AndroidManifest.xml:22:15-51
	android:theme
		ADDED from DaumSpeechOpenApiAndroidSample/app/AndroidManifest.xml:23:15-73
	android:name
		ADDED from DaumSpeechOpenApiAndroidSample/app/AndroidManifest.xml:21:15-81
activity#net.daum.speech.api.openapisample.TextToSpeechActivity
ADDED from DaumSpeechOpenApiAndroidSample/app/AndroidManifest.xml:24:5-26:75
	android:screenOrientation
		ADDED from DaumSpeechOpenApiAndroidSample/app/AndroidManifest.xml:25:15-51
	android:theme
		ADDED from DaumSpeechOpenApiAndroidSample/app/AndroidManifest.xml:26:15-73
	android:name
		ADDED from DaumSpeechOpenApiAndroidSample/app/AndroidManifest.xml:24:15-84